#
# There is insufficient memory for the Java Runtime Environment to continue.
# Native memory allocation (malloc) failed to allocate 1038176 bytes for Chunk::new
# Possible reasons:
#   The system is out of physical RAM or swap space
#   The process is running with CompressedOops enabled, and the Java Heap may be blocking the growth of the native heap
# Possible solutions:
#   Reduce memory load on the system
#   Increase physical memory or swap space
#   Check if swap backing store is full
#   Decrease Java heap size (-Xmx/-Xms)
#   Decrease number of Java threads
#   Decrease Java thread stack sizes (-Xss)
#   Set larger code cache with -XX:ReservedCodeCacheSize=
#   JVM is running with Unscaled Compressed Oops mode in which the Java heap is
#     placed in the first 4GB address space. The Java Heap base address is the
#     maximum limit for the native heap growth. Please use -XX:HeapBaseMinAddress
#     to set the Java Heap base and to place the Java Heap above 4GB virtual address.
# This output file may be truncated or incomplete.
#
#  Out of Memory Error (allocation.cpp:389), pid=8968, tid=0x00000000000047e0
#
# JRE version: OpenJDK Runtime Environment (8.0_242-b01) (build 1.8.0_242-release-1644-b01)
# Java VM: OpenJDK 64-Bit Server VM (25.242-b01 mixed mode windows-amd64 compressed oops)
# Failed to write core dump. Minidumps are not enabled by default on client versions of Windows
#

---------------  T H R E A D  ---------------

Current thread (0x00000000136d6800):  JavaThread "C2 CompilerThread0" daemon [_thread_in_native, id=18400, stack(0x0000000014d30000,0x0000000014e30000)]

Stack: [0x0000000014d30000,0x0000000014e30000]
[error occurred during error reporting (printing stack bounds), id 0xc0000005]

Native frames: (J=compiled Java code, j=interpreted, Vv=VM code, C=native code)


Current CompileTask:
C2:  14070 4758   !   4       com.sun.beans.TypeResolver::resolve (274 bytes)


---------------  P R O C E S S  ---------------

Java Threads: ( => current thread )
  0x00000000179db000 JavaThread "Cache worker for Build Output Cleanup Cache (F:\HealthcareFrontline2\.gradle\buildOutputCleanup)" [_thread_blocked, id=7532, stack(0x00000000248a0000,0x00000000249a0000)]
  0x00000000179da000 JavaThread "jar transforms Thread 94" [_thread_blocked, id=19896, stack(0x0000000024150000,0x0000000024250000)]
  0x00000000179d5800 JavaThread "jar transforms Thread 93" [_thread_blocked, id=20132, stack(0x0000000024050000,0x0000000024150000)]
  0x00000000179d8800 JavaThread "jar transforms Thread 92" [_thread_blocked, id=20004, stack(0x0000000023f50000,0x0000000024050000)]
  0x00000000179d8000 JavaThread "jar transforms Thread 91" [_thread_blocked, id=19464, stack(0x0000000023e50000,0x0000000023f50000)]
  0x00000000179d6800 JavaThread "jar transforms Thread 90" [_thread_blocked, id=20268, stack(0x0000000023d50000,0x0000000023e50000)]
  0x00000000179d7000 JavaThread "jar transforms Thread 89" [_thread_blocked, id=19748, stack(0x0000000023c50000,0x0000000023d50000)]
  0x00000000179d9800 JavaThread "jar transforms Thread 88" [_thread_blocked, id=19680, stack(0x0000000023b50000,0x0000000023c50000)]
  0x000000001bea5800 JavaThread "jar transforms Thread 87" [_thread_blocked, id=16488, stack(0x0000000023a50000,0x0000000023b50000)]
  0x000000001bea5000 JavaThread "jar transforms Thread 86" [_thread_blocked, id=20236, stack(0x0000000023950000,0x0000000023a50000)]
  0x000000001bea3800 JavaThread "jar transforms Thread 85" [_thread_blocked, id=19904, stack(0x0000000023850000,0x0000000023950000)]
  0x000000001bea7000 JavaThread "jar transforms Thread 84" [_thread_blocked, id=13856, stack(0x0000000023750000,0x0000000023850000)]
  0x000000001bea6800 JavaThread "jar transforms Thread 83" [_thread_blocked, id=6564, stack(0x0000000023650000,0x0000000023750000)]
  0x000000001bea4000 JavaThread "jar transforms Thread 82" [_thread_blocked, id=20216, stack(0x0000000023550000,0x0000000023650000)]
  0x000000001be9c000 JavaThread "jar transforms Thread 81" [_thread_blocked, id=19640, stack(0x0000000023450000,0x0000000023550000)]
  0x000000001bea2800 JavaThread "jar transforms Thread 80" [_thread_blocked, id=2660, stack(0x0000000023350000,0x0000000023450000)]
  0x000000001bea0800 JavaThread "jar transforms Thread 79" [_thread_blocked, id=16924, stack(0x0000000023250000,0x0000000023350000)]
  0x000000001be9f800 JavaThread "jar transforms Thread 78" [_thread_blocked, id=18320, stack(0x0000000023150000,0x0000000023250000)]
  0x000000001be9f000 JavaThread "jar transforms Thread 77" [_thread_blocked, id=19500, stack(0x0000000023050000,0x0000000023150000)]
  0x000000001be9e000 JavaThread "jar transforms Thread 76" [_thread_blocked, id=19788, stack(0x0000000022f50000,0x0000000023050000)]
  0x000000001be9d800 JavaThread "jar transforms Thread 75" [_thread_blocked, id=19948, stack(0x0000000022e50000,0x0000000022f50000)]
  0x000000001be9b000 JavaThread "jar transforms Thread 74" [_thread_blocked, id=5368, stack(0x0000000022d50000,0x0000000022e50000)]
  0x000000001bea2000 JavaThread "jar transforms Thread 73" [_thread_blocked, id=15520, stack(0x0000000022c50000,0x0000000022d50000)]
  0x000000001bea1000 JavaThread "jar transforms Thread 72" [_thread_blocked, id=20072, stack(0x0000000022b50000,0x0000000022c50000)]
  0x000000001be99800 JavaThread "jar transforms Thread 71" [_thread_blocked, id=16796, stack(0x0000000022a50000,0x0000000022b50000)]
  0x000000001be9c800 JavaThread "jar transforms Thread 70" [_thread_blocked, id=16476, stack(0x0000000022950000,0x0000000022a50000)]
  0x000000001be98000 JavaThread "jar transforms Thread 69" [_thread_blocked, id=20152, stack(0x0000000022850000,0x0000000022950000)]
  0x000000001be9a800 JavaThread "jar transforms Thread 68" [_thread_blocked, id=17492, stack(0x0000000022750000,0x0000000022850000)]
  0x000000001be99000 JavaThread "jar transforms Thread 67" [_thread_blocked, id=19596, stack(0x0000000022650000,0x0000000022750000)]
  0x000000001ab2d000 JavaThread "jar transforms Thread 66" [_thread_blocked, id=15964, stack(0x0000000022550000,0x0000000022650000)]
  0x000000001ab29000 JavaThread "jar transforms Thread 65" [_thread_blocked, id=18416, stack(0x0000000022450000,0x0000000022550000)]
  0x000000001ab2e800 JavaThread "jar transforms Thread 64" [_thread_blocked, id=19832, stack(0x0000000022350000,0x0000000022450000)]
  0x000000001ab2a000 JavaThread "jar transforms Thread 63" [_thread_blocked, id=20412, stack(0x0000000022250000,0x0000000022350000)]
  0x000000001ab2d800 JavaThread "jar transforms Thread 62" [_thread_blocked, id=19716, stack(0x0000000022150000,0x0000000022250000)]
  0x000000001ab2c000 JavaThread "jar transforms Thread 61" [_thread_blocked, id=8916, stack(0x0000000022050000,0x0000000022150000)]
  0x000000001ab2b800 JavaThread "jar transforms Thread 60" [_thread_blocked, id=19688, stack(0x0000000021f50000,0x0000000022050000)]
  0x000000001ab2a800 JavaThread "jar transforms Thread 59" [_thread_blocked, id=19636, stack(0x0000000021e50000,0x0000000021f50000)]
  0x000000001ab21800 JavaThread "jar transforms Thread 58" [_thread_blocked, id=19724, stack(0x0000000021d50000,0x0000000021e50000)]
  0x000000001ab28800 JavaThread "jar transforms Thread 57" [_thread_blocked, id=8024, stack(0x0000000021c50000,0x0000000021d50000)]
  0x000000001ab21000 JavaThread "jar transforms Thread 56" [_thread_blocked, id=16520, stack(0x0000000021b50000,0x0000000021c50000)]
  0x000000001ab27800 JavaThread "jar transforms Thread 55" [_thread_blocked, id=20476, stack(0x0000000021a50000,0x0000000021b50000)]
  0x000000001ab20000 JavaThread "jar transforms Thread 54" [_thread_blocked, id=19652, stack(0x0000000021950000,0x0000000021a50000)]
  0x000000001ab27000 JavaThread "jar transforms Thread 53" [_thread_blocked, id=19616, stack(0x0000000021850000,0x0000000021950000)]
  0x000000001ab1f800 JavaThread "jar transforms Thread 52" [_thread_blocked, id=20248, stack(0x0000000021750000,0x0000000021850000)]
  0x000000001ab24800 JavaThread "jar transforms Thread 51" [_thread_blocked, id=15492, stack(0x0000000021650000,0x0000000021750000)]
  0x000000001ab26000 JavaThread "jar transforms Thread 50" [_thread_blocked, id=20184, stack(0x0000000021550000,0x0000000021650000)]
  0x000000001ab25800 JavaThread "jar transforms Thread 49" [_thread_blocked, id=19672, stack(0x0000000021450000,0x0000000021550000)]
  0x000000001ab24000 JavaThread "jar transforms Thread 48" [_thread_blocked, id=16828, stack(0x0000000021350000,0x0000000021450000)]
  0x000000001ab23000 JavaThread "jar transforms Thread 47" [_thread_blocked, id=20204, stack(0x0000000021250000,0x0000000021350000)]
  0x000000001ab22800 JavaThread "jar transforms Thread 46" [_thread_blocked, id=6428, stack(0x0000000021150000,0x0000000021250000)]
  0x00000000175ea800 JavaThread "jar transforms Thread 45" [_thread_blocked, id=7108, stack(0x0000000021050000,0x0000000021150000)]
  0x00000000175ea000 JavaThread "jar transforms Thread 44" [_thread_blocked, id=12516, stack(0x0000000020f50000,0x0000000021050000)]
  0x00000000175e9000 JavaThread "jar transforms Thread 43" [_thread_blocked, id=968, stack(0x0000000020e50000,0x0000000020f50000)]
  0x00000000175e5800 JavaThread "jar transforms Thread 42" [_thread_blocked, id=2164, stack(0x0000000020d50000,0x0000000020e50000)]
  0x00000000175e6000 JavaThread "jar transforms Thread 41" [_thread_blocked, id=18256, stack(0x0000000020c50000,0x0000000020d50000)]
  0x00000000175eb800 JavaThread "jar transforms Thread 40" [_thread_blocked, id=15408, stack(0x0000000020b50000,0x0000000020c50000)]
  0x00000000175e8800 JavaThread "jar transforms Thread 39" [_thread_blocked, id=7000, stack(0x0000000020a50000,0x0000000020b50000)]
  0x00000000175e1000 JavaThread "jar transforms Thread 38" [_thread_blocked, id=12820, stack(0x0000000020950000,0x0000000020a50000)]
  0x00000000175e4800 JavaThread "jar transforms Thread 37" [_thread_blocked, id=19656, stack(0x0000000020850000,0x0000000020950000)]
  0x00000000175e4000 JavaThread "jar transforms Thread 36" [_thread_blocked, id=1324, stack(0x0000000020750000,0x0000000020850000)]
  0x00000000175e7800 JavaThread "jar transforms Thread 35" [_thread_blocked, id=6284, stack(0x0000000020650000,0x0000000020750000)]
  0x00000000175e1800 JavaThread "jar transforms Thread 34" [_thread_blocked, id=19388, stack(0x0000000020550000,0x0000000020650000)]
  0x00000000175e7000 JavaThread "jar transforms Thread 33" [_thread_blocked, id=6024, stack(0x0000000020450000,0x0000000020550000)]
  0x00000000175dc800 JavaThread "jar transforms Thread 32" [_thread_blocked, id=4888, stack(0x0000000020350000,0x0000000020450000)]
  0x00000000175e2800 JavaThread "jar transforms Thread 31" [_thread_blocked, id=12808, stack(0x0000000020250000,0x0000000020350000)]
  0x00000000175df800 JavaThread "jar transforms Thread 30" [_thread_blocked, id=17276, stack(0x0000000020150000,0x0000000020250000)]
  0x00000000175de000 JavaThread "jar transforms Thread 29" [_thread_blocked, id=20040, stack(0x0000000020050000,0x0000000020150000)]
  0x00000000175de800 JavaThread "jar transforms Thread 28" [_thread_blocked, id=19488, stack(0x000000001ff50000,0x0000000020050000)]
  0x00000000175e3000 JavaThread "jar transforms Thread 27" [_thread_blocked, id=13676, stack(0x000000001fe50000,0x000000001ff50000)]
  0x00000000175dd000 JavaThread "jar transforms Thread 26" [_thread_blocked, id=19840, stack(0x000000001fd50000,0x000000001fe50000)]
  0x00000000175e0000 JavaThread "jar transforms Thread 25" [_thread_blocked, id=16604, stack(0x000000001fc50000,0x000000001fd50000)]
  0x000000001a15c000 JavaThread "jar transforms Thread 24" [_thread_blocked, id=10060, stack(0x000000001fb50000,0x000000001fc50000)]
  0x000000001a15b000 JavaThread "jar transforms Thread 23" [_thread_blocked, id=10196, stack(0x000000001fa50000,0x000000001fb50000)]
  0x000000001a15a800 JavaThread "jar transforms Thread 22" [_thread_blocked, id=12172, stack(0x000000001f950000,0x000000001fa50000)]
  0x000000001a15d800 JavaThread "jar transforms Thread 21" [_thread_blocked, id=10588, stack(0x000000001f850000,0x000000001f950000)]
  0x000000001a159800 JavaThread "jar transforms Thread 20" [_thread_blocked, id=10144, stack(0x000000001f750000,0x000000001f850000)]
  0x000000001a15c800 JavaThread "jar transforms Thread 19" [_thread_blocked, id=19696, stack(0x000000001f650000,0x000000001f750000)]
  0x000000001a159000 JavaThread "jar transforms Thread 18" [_thread_blocked, id=19792, stack(0x000000001f550000,0x000000001f650000)]
  0x000000001a151800 JavaThread "jar transforms Thread 17" [_thread_blocked, id=20036, stack(0x000000001f450000,0x000000001f550000)]
  0x000000001a158000 JavaThread "jar transforms Thread 16" [_thread_blocked, id=19816, stack(0x000000001f350000,0x000000001f450000)]
  0x000000001a157800 JavaThread "jar transforms Thread 15" [_thread_blocked, id=9484, stack(0x000000001f250000,0x000000001f350000)]
  0x000000001a156800 JavaThread "jar transforms Thread 14" [_thread_blocked, id=17264, stack(0x000000001f150000,0x000000001f250000)]
  0x000000001a14f000 JavaThread "jar transforms Thread 13" [_thread_blocked, id=18132, stack(0x000000001f050000,0x000000001f150000)]
  0x000000001a156000 JavaThread "jar transforms Thread 12" [_thread_blocked, id=19740, stack(0x000000001ef50000,0x000000001f050000)]
  0x000000001a153800 JavaThread "jar transforms Thread 11" [_thread_blocked, id=18600, stack(0x000000001ee50000,0x000000001ef50000)]
  0x000000001a154800 JavaThread "jar transforms Thread 10" [_thread_blocked, id=20096, stack(0x000000001ec50000,0x000000001ed50000)]
  0x000000001a150000 JavaThread "jar transforms Thread 9" [_thread_blocked, id=13944, stack(0x000000001eb50000,0x000000001ec50000)]
  0x000000001a153000 JavaThread "jar transforms Thread 8" [_thread_blocked, id=11588, stack(0x000000001ea50000,0x000000001eb50000)]
  0x000000001a152000 JavaThread "jar transforms Thread 7" [_thread_blocked, id=2140, stack(0x000000001e950000,0x000000001ea50000)]
  0x000000001a155000 JavaThread "jar transforms Thread 6" [_thread_blocked, id=17672, stack(0x000000001e850000,0x000000001e950000)]
  0x000000001a150800 JavaThread "jar transforms Thread 5" [_thread_blocked, id=2732, stack(0x000000001e750000,0x000000001e850000)]
  0x000000001a14e800 JavaThread "jar transforms Thread 4" [_thread_blocked, id=10620, stack(0x000000001e650000,0x000000001e750000)]
  0x0000000016828000 JavaThread "jar transforms Thread 3" [_thread_blocked, id=2488, stack(0x000000001e550000,0x000000001e650000)]
  0x0000000016827800 JavaThread "jar transforms Thread 2" [_thread_blocked, id=4812, stack(0x000000001e450000,0x000000001e550000)]
  0x0000000016829800 JavaThread "Build operations Thread 4" [_thread_blocked, id=10116, stack(0x000000001e350000,0x000000001e450000)]
  0x000000001682c000 JavaThread "Build operations Thread 3" [_thread_blocked, id=19764, stack(0x000000001e250000,0x000000001e350000)]
  0x0000000016826800 JavaThread "Build operations Thread 2" [_thread_blocked, id=1580, stack(0x000000001e150000,0x000000001e250000)]
  0x0000000016829000 JavaThread "Build operations" [_thread_blocked, id=20404, stack(0x000000001e050000,0x000000001e150000)]
  0x0000000015716000 JavaThread "Cache worker for file content cache (C:\Users\Emmo\.gradle\caches\6.5\fileContent)" [_thread_blocked, id=8744, stack(0x000000001d950000,0x000000001da50000)]
  0x0000000015714000 JavaThread "jar transforms" [_thread_blocked, id=19548, stack(0x000000001d850000,0x000000001d950000)]
  0x0000000015713000 JavaThread "Cache worker for execution history cache (C:\Users\Emmo\.gradle\caches\6.5\executionHistory)" [_thread_blocked, id=7652, stack(0x000000001d150000,0x000000001d250000)]
  0x000000001570f800 JavaThread "Cache worker for cache directory md-rule (C:\Users\Emmo\.gradle\caches\6.5\md-rule)" [_thread_blocked, id=19504, stack(0x000000001d050000,0x000000001d150000)]
  0x0000000015710000 JavaThread "Cache worker for cache directory md-supplier (C:\Users\Emmo\.gradle\caches\6.5\md-supplier)" [_thread_blocked, id=20156, stack(0x000000001cf50000,0x000000001d050000)]
  0x0000000015712800 JavaThread "Cache worker for checksums cache (F:\HealthcareFrontline2\.gradle\checksums)" [_thread_blocked, id=13132, stack(0x000000001bbf0000,0x000000001bcf0000)]
  0x0000000015714800 JavaThread "Cache worker for file hash cache (F:\HealthcareFrontline2\.gradle\6.5\fileHashes)" [_thread_blocked, id=17916, stack(0x000000001b8f0000,0x000000001b9f0000)]
  0x0000000015711800 JavaThread "Cache worker for file hash cache (C:\Users\Emmo\.gradle\caches\6.5\fileHashes)" [_thread_blocked, id=15960, stack(0x0000000019650000,0x0000000019750000)]
  0x0000000015711000 JavaThread "File lock request listener" [_thread_in_native, id=13124, stack(0x0000000019550000,0x0000000019650000)]
  0x0000000015715800 JavaThread "Cache worker for journal cache (C:\Users\Emmo\.gradle\caches\journal-1)" [_thread_blocked, id=20020, stack(0x0000000019450000,0x0000000019550000)]
  0x00000000157d3000 JavaThread "Thread-9" [_thread_blocked, id=10340, stack(0x0000000019150000,0x0000000019250000)]
  0x00000000157d0000 JavaThread "Stdin handler" [_thread_blocked, id=20056, stack(0x0000000019050000,0x0000000019150000)]
  0x000000001511b000 JavaThread "Asynchronous log dispatcher for DefaultDaemonConnection: socket connection from /127.0.0.1:49920 to /127.0.0.1:49921" [_thread_blocked, id=19880, stack(0x0000000018f50000,0x0000000019050000)]
  0x000000001508e000 JavaThread "Daemon worker" [_thread_in_native, id=6356, stack(0x0000000018e50000,0x0000000018f50000)]
  0x00000000150fe000 JavaThread "Cancel handler" [_thread_blocked, id=20052, stack(0x0000000018d50000,0x0000000018e50000)]
  0x0000000017356000 JavaThread "Handler for socket connection from /127.0.0.1:49920 to /127.0.0.1:49921" [_thread_in_native, id=7480, stack(0x0000000018c50000,0x0000000018d50000)]
  0x0000000017355800 JavaThread "Daemon" [_thread_blocked, id=19924, stack(0x0000000018b50000,0x0000000018c50000)]
  0x0000000017352000 JavaThread "Daemon periodic checks" [_thread_blocked, id=20392, stack(0x0000000018850000,0x0000000018950000)]
  0x000000001724e800 JavaThread "Incoming local TCP Connector on port 49920" [_thread_in_native, id=19900, stack(0x0000000018610000,0x0000000018710000)]
  0x00000000172fe800 JavaThread "Daemon health stats" [_thread_blocked, id=19928, stack(0x0000000017fd0000,0x00000000180d0000)]
  0x000000001506b800 JavaThread "Service Thread" daemon [_thread_blocked, id=17024, stack(0x0000000015430000,0x0000000015530000)]
  0x00000000136ea000 JavaThread "C1 CompilerThread2" daemon [_thread_blocked, id=16824, stack(0x0000000014f30000,0x0000000015030000)]
  0x00000000136db800 JavaThread "C2 CompilerThread1" daemon [_thread_in_native, id=20424, stack(0x0000000014e30000,0x0000000014f30000)]
=>0x00000000136d6800 JavaThread "C2 CompilerThread0" daemon [_thread_in_native, id=18400, stack(0x0000000014d30000,0x0000000014e30000)]
  0x00000000136d5000 JavaThread "Attach Listener" daemon [_thread_blocked, id=19620, stack(0x0000000014c30000,0x0000000014d30000)]
  0x000000000235e800 JavaThread "Signal Dispatcher" daemon [_thread_blocked, id=7776, stack(0x0000000014b30000,0x0000000014c30000)]
  0x0000000002356000 JavaThread "Finalizer" daemon [_thread_blocked, id=18104, stack(0x0000000014930000,0x0000000014a30000)]
  0x00000000136b9800 JavaThread "Reference Handler" daemon [_thread_blocked, id=19532, stack(0x0000000014830000,0x0000000014930000)]
  0x00000000008ed800 JavaThread "main" [_thread_blocked, id=17108, stack(0x0000000002160000,0x0000000002260000)]

Other Threads:
  0x0000000013696000 VMThread [stack: 0x0000000014730000,0x0000000014830000] [id=19592]
  0x000000001506c800 WatcherThread [stack: 0x0000000015530000,0x0000000015630000] [id=19968]

VM state:not at safepoint (normal execution)

VM Mutex/Monitor currently owned by a thread: None

heap address: 0x00000000e0000000, size: 512 MB, Compressed Oops mode: 32-bit
Narrow klass base: 0x0000000000000000, Narrow klass shift: 3
Compressed class space size: 1073741824 Address: 0x0000000100000000

Heap:
 PSYoungGen      total 151552K, used 33710K [0x00000000f5580000, 0x0000000100000000, 0x0000000100000000)
  eden space 138752K, 15% used [0x00000000f5580000,0x00000000f69f0638,0x00000000fdd00000)
  from space 12800K, 99% used [0x00000000ff380000,0x00000000ffffb310,0x0000000100000000)
  to   space 17920K, 0% used [0x00000000fdd00000,0x00000000fdd00000,0x00000000fee80000)
 ParOldGen       total 114176K, used 24832K [0x00000000e0000000, 0x00000000e6f80000, 0x00000000f5580000)
  object space 114176K, 21% used [0x00000000e0000000,0x00000000e1840198,0x00000000e6f80000)
 Metaspace       used 51130K, capacity 53128K, committed 53416K, reserved 1095680K
  class space    used 6850K, capacity 7291K, committed 7344K, reserved 1048576K

Card table byte_map: [0x0000000011720000,0x0000000011830000] byte_map_base: 0x0000000011020000

Marking Bits: (ParMarkBitMap*) 0x000000006d80f030
 Begin Bits: [0x0000000011c30000, 0x0000000012430000)
 End Bits:   [0x0000000012430000, 0x0000000012c30000)

Polling page: 0x0000000000420000

CodeCache: size=245760Kb used=14755Kb max_used=14755Kb free=231004Kb
 bounds [0x0000000002360000, 0x00000000031e0000, 0x0000000011360000]
 total_blobs=5155 nmethods=4393 adapters=674
 compilation: enabled

Compilation events (10 events):
Event: 13.977 Thread 0x00000000136ea000 4825       3       sun.misc.URLClassPath::findResource (47 bytes)
Event: 13.978 Thread 0x00000000136ea000 nmethod 4825 0x00000000031d1610 code [0x00000000031d17a0, 0x00000000031d1b68]
Event: 13.978 Thread 0x00000000136ea000 4826       3       sun.net.www.protocol.jar.JarURLConnection::getUseCaches (8 bytes)
Event: 13.978 Thread 0x00000000136ea000 nmethod 4826 0x00000000031d1d10 code [0x00000000031d1e80, 0x00000000031d20a8]
Event: 13.989 Thread 0x00000000136ea000 4827       3       java.util.Vector::<init> (49 bytes)
Event: 13.990 Thread 0x00000000136ea000 nmethod 4827 0x00000000031d2150 code [0x00000000031d2340, 0x00000000031d2d38]
Event: 13.990 Thread 0x00000000136ea000 4828       3       groovyjarjarasm.asm.MethodWriter::visitAbstractType (8 bytes)
Event: 13.991 Thread 0x00000000136ea000 nmethod 4828 0x00000000031d31d0 code [0x00000000031d3320, 0x00000000031d3490]
Event: 13.991 Thread 0x00000000136ea000 4829       1       groovyjarjarasm.asm.SymbolTable::getMajorVersion (5 bytes)
Event: 13.991 Thread 0x00000000136ea000 nmethod 4829 0x00000000031d3590 code [0x00000000031d36e0, 0x00000000031d37f0]

GC Heap History (10 events):
Event: 8.694 GC heap before
{Heap before GC invocations=8 (full 1):
 PSYoungGen      total 84992K, used 84845K [0x00000000f5580000, 0x00000000fc600000, 0x0000000100000000)
  eden space 79360K, 100% used [0x00000000f5580000,0x00000000fa300000,0x00000000fa300000)
  from space 5632K, 97% used [0x00000000fc080000,0x00000000fc5db7e8,0x00000000fc600000)
  to   space 11264K, 0% used [0x00000000fb000000,0x00000000fb000000,0x00000000fbb00000)
 ParOldGen       total 76288K, used 6843K [0x00000000e0000000, 0x00000000e4a80000, 0x00000000f5580000)
  object space 76288K, 8% used [0x00000000e0000000,0x00000000e06aed60,0x00000000e4a80000)
 Metaspace       used 32949K, capacity 34004K, committed 34224K, reserved 1079296K
  class space    used 4495K, capacity 4757K, committed 4784K, reserved 1048576K
Event: 8.718 GC heap after
Heap after GC invocations=8 (full 1):
 PSYoungGen      total 103936K, used 10544K [0x00000000f5580000, 0x00000000fea00000, 0x0000000100000000)
  eden space 92672K, 0% used [0x00000000f5580000,0x00000000f5580000,0x00000000fb000000)
  from space 11264K, 93% used [0x00000000fb000000,0x00000000fba4c160,0x00000000fbb00000)
  to   space 12288K, 0% used [0x00000000fde00000,0x00000000fde00000,0x00000000fea00000)
 ParOldGen       total 76288K, used 6851K [0x00000000e0000000, 0x00000000e4a80000, 0x00000000f5580000)
  object space 76288K, 8% used [0x00000000e0000000,0x00000000e06b0d60,0x00000000e4a80000)
 Metaspace       used 32949K, capacity 34004K, committed 34224K, reserved 1079296K
  class space    used 4495K, capacity 4757K, committed 4784K, reserved 1048576K
}
Event: 9.143 GC heap before
{Heap before GC invocations=9 (full 1):
 PSYoungGen      total 103936K, used 36568K [0x00000000f5580000, 0x00000000fea00000, 0x0000000100000000)
  eden space 92672K, 28% used [0x00000000f5580000,0x00000000f6eea260,0x00000000fb000000)
  from space 11264K, 93% used [0x00000000fb000000,0x00000000fba4c160,0x00000000fbb00000)
  to   space 12288K, 0% used [0x00000000fde00000,0x00000000fde00000,0x00000000fea00000)
 ParOldGen       total 76288K, used 6851K [0x00000000e0000000, 0x00000000e4a80000, 0x00000000f5580000)
  object space 76288K, 8% used [0x00000000e0000000,0x00000000e06b0d60,0x00000000e4a80000)
 Metaspace       used 34249K, capacity 35404K, committed 35496K, reserved 1079296K
  class space    used 4713K, capacity 5001K, committed 5040K, reserved 1048576K
Event: 9.171 GC heap after
Heap after GC invocations=9 (full 1):
 PSYoungGen      total 139776K, used 7936K [0x00000000f5580000, 0x0000000100000000, 0x0000000100000000)
  eden space 127488K, 0% used [0x00000000f5580000,0x00000000f5580000,0x00000000fd200000)
  from space 12288K, 64% used [0x00000000fde00000,0x00000000fe5c02c0,0x00000000fea00000)
  to   space 12288K, 0% used [0x00000000fd200000,0x00000000fd200000,0x00000000fde00000)
 ParOldGen       total 76288K, used 6859K [0x00000000e0000000, 0x00000000e4a80000, 0x00000000f5580000)
  object space 76288K, 8% used [0x00000000e0000000,0x00000000e06b2d60,0x00000000e4a80000)
 Metaspace       used 34249K, capacity 35404K, committed 35496K, reserved 1079296K
  class space    used 4713K, capacity 5001K, committed 5040K, reserved 1048576K
}
Event: 9.171 GC heap before
{Heap before GC invocations=10 (full 2):
 PSYoungGen      total 139776K, used 7936K [0x00000000f5580000, 0x0000000100000000, 0x0000000100000000)
  eden space 127488K, 0% used [0x00000000f5580000,0x00000000f5580000,0x00000000fd200000)
  from space 12288K, 64% used [0x00000000fde00000,0x00000000fe5c02c0,0x00000000fea00000)
  to   space 12288K, 0% used [0x00000000fd200000,0x00000000fd200000,0x00000000fde00000)
 ParOldGen       total 76288K, used 6859K [0x00000000e0000000, 0x00000000e4a80000, 0x00000000f5580000)
  object space 76288K, 8% used [0x00000000e0000000,0x00000000e06b2d60,0x00000000e4a80000)
 Metaspace       used 34249K, capacity 35404K, committed 35496K, reserved 1079296K
  class space    used 4713K, capacity 5001K, committed 5040K, reserved 1048576K
Event: 9.277 GC heap after
Heap after GC invocations=10 (full 2):
 PSYoungGen      total 139776K, used 0K [0x00000000f5580000, 0x0000000100000000, 0x0000000100000000)
  eden space 127488K, 0% used [0x00000000f5580000,0x00000000f5580000,0x00000000fd200000)
  from space 12288K, 0% used [0x00000000fde00000,0x00000000fde00000,0x00000000fea00000)
  to   space 12288K, 0% used [0x00000000fd200000,0x00000000fd200000,0x00000000fde00000)
 ParOldGen       total 114176K, used 14299K [0x00000000e0000000, 0x00000000e6f80000, 0x00000000f5580000)
  object space 114176K, 12% used [0x00000000e0000000,0x00000000e0df6ce8,0x00000000e6f80000)
 Metaspace       used 34249K, capacity 35404K, committed 35496K, reserved 1079296K
  class space    used 4713K, capacity 5001K, committed 5040K, reserved 1048576K
}
Event: 10.928 GC heap before
{Heap before GC invocations=11 (full 2):
 PSYoungGen      total 139776K, used 127488K [0x00000000f5580000, 0x0000000100000000, 0x0000000100000000)
  eden space 127488K, 100% used [0x00000000f5580000,0x00000000fd200000,0x00000000fd200000)
  from space 12288K, 0% used [0x00000000fde00000,0x00000000fde00000,0x00000000fea00000)
  to   space 12288K, 0% used [0x00000000fd200000,0x00000000fd200000,0x00000000fde00000)
 ParOldGen       total 114176K, used 14299K [0x00000000e0000000, 0x00000000e6f80000, 0x00000000f5580000)
  object space 114176K, 12% used [0x00000000e0000000,0x00000000e0df6ce8,0x00000000e6f80000)
 Metaspace       used 38432K, capacity 40074K, committed 40232K, reserved 1083392K
  class space    used 5298K, capacity 5641K, committed 5680K, reserved 1048576K
Event: 10.960 GC heap after
Heap after GC invocations=11 (full 2):
 PSYoungGen      total 139776K, used 10921K [0x00000000f5580000, 0x0000000100000000, 0x0000000100000000)
  eden space 127488K, 0% used [0x00000000f5580000,0x00000000f5580000,0x00000000fd200000)
  from space 12288K, 88% used [0x00000000fd200000,0x00000000fdcaa5f8,0x00000000fde00000)
  to   space 12800K, 0% used [0x00000000ff380000,0x00000000ff380000,0x0000000100000000)
 ParOldGen       total 114176K, used 14307K [0x00000000e0000000, 0x00000000e6f80000, 0x00000000f5580000)
  object space 114176K, 12% used [0x00000000e0000000,0x00000000e0df8ce8,0x00000000e6f80000)
 Metaspace       used 38432K, capacity 40074K, committed 40232K, reserved 1083392K
  class space    used 5298K, capacity 5641K, committed 5680K, reserved 1048576K
}
Event: 13.609 GC heap before
{Heap before GC invocations=12 (full 2):
 PSYoungGen      total 139776K, used 138409K [0x00000000f5580000, 0x0000000100000000, 0x0000000100000000)
  eden space 127488K, 100% used [0x00000000f5580000,0x00000000fd200000,0x00000000fd200000)
  from space 12288K, 88% used [0x00000000fd200000,0x00000000fdcaa5f8,0x00000000fde00000)
  to   space 12800K, 0% used [0x00000000ff380000,0x00000000ff380000,0x0000000100000000)
 ParOldGen       total 114176K, used 14307K [0x00000000e0000000, 0x00000000e6f80000, 0x00000000f5580000)
  object space 114176K, 12% used [0x00000000e0000000,0x00000000e0df8ce8,0x00000000e6f80000)
 Metaspace       used 50766K, capacity 52724K, committed 53032K, reserved 1095680K
  class space    used 6793K, capacity 7206K, committed 7216K, reserved 1048576K
Event: 13.691 GC heap after
Heap after GC invocations=12 (full 2):
 PSYoungGen      total 151552K, used 12780K [0x00000000f5580000, 0x0000000100000000, 0x0000000100000000)
  eden space 138752K, 0% used [0x00000000f5580000,0x00000000f5580000,0x00000000fdd00000)
  from space 12800K, 99% used [0x00000000ff380000,0x00000000ffffb310,0x0000000100000000)
  to   space 17920K, 0% used [0x00000000fdd00000,0x00000000fdd00000,0x00000000fee80000)
 ParOldGen       total 114176K, used 24832K [0x00000000e0000000, 0x00000000e6f80000, 0x00000000f5580000)
  object space 114176K, 21% used [0x00000000e0000000,0x00000000e1840198,0x00000000e6f80000)
 Metaspace       used 50766K, capacity 52724K, committed 53032K, reserved 1095680K
  class space    used 6793K, capacity 7206K, committed 7216K, reserved 1048576K
}

Deoptimization events (10 events):
Event: 12.415 Thread 0x000000001508e000 Uncommon trap: reason=bimorphic action=maybe_recompile pc=0x00000000025624b8 method=java.util.regex.Pattern$CharProperty.match(Ljava/util/regex/Matcher;ILjava/lang/CharSequence;)Z @ 18
Event: 12.435 Thread 0x000000001508e000 Uncommon trap: reason=bimorphic action=maybe_recompile pc=0x00000000025624b8 method=java.util.regex.Pattern$CharProperty.match(Ljava/util/regex/Matcher;ILjava/lang/CharSequence;)Z @ 18
Event: 12.679 Thread 0x000000001508e000 Uncommon trap: reason=unstable_if action=reinterpret pc=0x0000000002de8970 method=org.gradle.internal.reflect.PropertyAccessorType.of(Ljava/lang/reflect/Method;)Lorg/gradle/internal/reflect/PropertyAccessorType; @ 56
Event: 13.200 Thread 0x000000001508e000 Uncommon trap: reason=unstable_if action=reinterpret pc=0x00000000025e98b4 method=com.sun.org.apache.xerces.internal.impl.XMLEntityScanner.checkBeforeLoad(Lcom/sun/xml/internal/stream/Entity$ScannedEntity;II)I @ 18
Event: 13.314 Thread 0x000000001508e000 Uncommon trap: reason=unstable_if action=reinterpret pc=0x0000000002987430 method=org.gradle.internal.instantiation.generator.AbstractClassGenerator$InjectionAnnotationValidator.validateMethod(Ljava/lang/reflect/Method;Lorg/gradle/internal/reflect/Propert
Event: 13.314 Thread 0x000000001508e000 Uncommon trap: reason=unstable_if action=reinterpret pc=0x0000000002966a04 method=org.gradle.internal.instantiation.generator.AbstractClassGenerator$InjectionAnnotationValidator.validateMethod(Ljava/lang/reflect/Method;Lorg/gradle/internal/reflect/Propert
Event: 13.405 Thread 0x000000001508e000 Uncommon trap: reason=null_check action=make_not_entrant pc=0x0000000002b5e850 method=java.lang.Class.searchMethods([Ljava/lang/reflect/Method;Ljava/lang/String;[Ljava/lang/Class;)Ljava/lang/reflect/Method; @ 59
Event: 13.923 Thread 0x000000001508e000 Uncommon trap: reason=unstable_if action=reinterpret pc=0x0000000002f10eb4 method=org.codehaus.groovy.runtime.metaclass.MetaMethodIndex.isNonRealMethod(Lgroovy/lang/MetaMethod;)Z @ 4
Event: 13.923 Thread 0x000000001508e000 Uncommon trap: reason=unstable_if action=reinterpret pc=0x0000000002ea3f1c method=groovy.lang.MetaClassImpl$1MOPIter.methodNameAction(Ljava/lang/Class;Lorg/codehaus/groovy/runtime/metaclass/MetaMethodIndex$Entry;)V @ 182
Event: 13.969 Thread 0x000000001508e000 Uncommon trap: reason=unstable_if action=reinterpret pc=0x0000000002b16754 method=java.util.WeakHashMap.put(Ljava/lang/Object;Ljava/lang/Object;)Ljava/lang/Object; @ 59

Classes redefined (0 events):
No events

Internal exceptions (10 events):
Event: 13.948 Thread 0x000000001508e000 Exception <a 'java/lang/ClassNotFoundException': java/util/AbstractListCustomizer> (0x00000000f6011740) thrown at [C:\src\AOSP-openjdk-git\hotspot\src\share\vm\classfile\systemDictionary.cpp, line 210]
Event: 13.950 Thread 0x000000001508e000 Exception <a 'java/lang/ClassNotFoundException': java/util/ArrayListCustomizer> (0x00000000f6029278) thrown at [C:\src\AOSP-openjdk-git\hotspot\src\share\vm\classfile\systemDictionary.cpp, line 210]
Event: 13.960 Thread 0x000000001508e000 Exception <a 'java/lang/ClassNotFoundException': org/gradle/api/internal/plugins/DefaultPluginContainerBeanInfo> (0x00000000f61ca718) thrown at [C:\src\AOSP-openjdk-git\hotspot\src\share\vm\classfile\systemDictionary.cpp, line 210]
Event: 13.962 Thread 0x000000001508e000 Exception <a 'java/lang/ClassNotFoundException': org/gradle/api/internal/plugins/DefaultPluginCollectionBeanInfo> (0x00000000f6209690) thrown at [C:\src\AOSP-openjdk-git\hotspot\src\share\vm\classfile\systemDictionary.cpp, line 210]
Event: 13.965 Thread 0x000000001508e000 Exception <a 'java/lang/ClassNotFoundException': org/gradle/api/internal/DefaultDomainObjectSetBeanInfo> (0x00000000f6242498) thrown at [C:\src\AOSP-openjdk-git\hotspot\src\share\vm\classfile\systemDictionary.cpp, line 210]
Event: 13.967 Thread 0x000000001508e000 Exception <a 'java/lang/ClassNotFoundException': org/gradle/api/internal/DefaultDomainObjectSetCustomizer> (0x00000000f627cc90) thrown at [C:\src\AOSP-openjdk-git\hotspot\src\share\vm\classfile\systemDictionary.cpp, line 210]
Event: 13.969 Thread 0x000000001508e000 Exception <a 'java/lang/ClassNotFoundException': org/gradle/api/internal/plugins/DefaultPluginCollectionCustomizer> (0x00000000f62cdc40) thrown at [C:\src\AOSP-openjdk-git\hotspot\src\share\vm\classfile\systemDictionary.cpp, line 210]
Event: 13.972 Thread 0x000000001508e000 Exception <a 'java/lang/ClassNotFoundException': org/gradle/api/internal/plugins/DefaultPluginContainerCustomizer> (0x00000000f6340678) thrown at [C:\src\AOSP-openjdk-git\hotspot\src\share\vm\classfile\systemDictionary.cpp, line 210]
Event: 13.987 Thread 0x000000001508e000 Exception <a 'java/lang/ClassNotFoundException': org/gradle/api/internal/DefaultDomainObjectSet_DecoratedBeanInfo> (0x00000000f659ef50) thrown at [C:\src\AOSP-openjdk-git\hotspot\src\share\vm\classfile\systemDictionary.cpp, line 210]
Event: 13.988 Thread 0x000000001508e000 Exception <a 'java/lang/ClassNotFoundException': org/gradle/api/internal/DefaultDomainObjectSet_DecoratedCustomizer> (0x00000000f65df758) thrown at [C:\src\AOSP-openjdk-git\hotspot\src\share\vm\classfile\systemDictionary.cpp, line 210]

Events (10 events):
Event: 14.004 loading class org/gradle/configuration/internal/ExecuteListenerBuildOperationType$Result
Event: 14.004 loading class org/gradle/configuration/internal/ExecuteListenerBuildOperationType$Result done
Event: 14.004 loading class org/gradle/configuration/internal/ExecuteListenerBuildOperationType$1
Event: 14.004 loading class org/gradle/configuration/internal/ExecuteListenerBuildOperationType$1 done
Event: 14.004 loading class com/android/build/gradle/internal/plugins/BasePlugin
Event: 14.004 loading class com/android/build/gradle/internal/plugins/BasePlugin done
Event: 14.005 loading class com/android/build/gradle/tasks/factory/AbstractCompilesUtil
Event: 14.005 loading class com/android/build/gradle/tasks/factory/AbstractCompilesUtil done
Event: 14.005 loading class com/android/sdklib/AndroidTargetHash
Event: 14.005 loading class com/android/sdklib/AndroidTargetHash done


Dynamic libraries:
0x00007ff7c44b0000 - 0x00007ff7c44e1000 	C:\Program Files\Android\Android Studio\jre\bin\java.exe
0x00007ffec8ee0000 - 0x00007ffec90d0000 	C:\WINDOWS\SYSTEM32\ntdll.dll
0x00007ffec8690000 - 0x00007ffec8742000 	C:\WINDOWS\System32\KERNEL32.DLL
0x00007ffec68c0000 - 0x00007ffec6b65000 	C:\WINDOWS\System32\KERNELBASE.dll
0x00007ffec8250000 - 0x00007ffec82f3000 	C:\WINDOWS\System32\ADVAPI32.dll
0x00007ffec7140000 - 0x00007ffec71de000 	C:\WINDOWS\System32\msvcrt.dll
0x00007ffec7fe0000 - 0x00007ffec8077000 	C:\WINDOWS\System32\sechost.dll
0x00007ffec8cb0000 - 0x00007ffec8dcf000 	C:\WINDOWS\System32\RPCRT4.dll
0x00007ffec72b0000 - 0x00007ffec7444000 	C:\WINDOWS\System32\USER32.dll
0x00007ffec6cc0000 - 0x00007ffec6ce1000 	C:\WINDOWS\System32\win32u.dll
0x00007ffec8660000 - 0x00007ffec8686000 	C:\WINDOWS\System32\GDI32.dll
0x00007ffec5ec0000 - 0x00007ffec6058000 	C:\WINDOWS\System32\gdi32full.dll
0x00007ffec6c20000 - 0x00007ffec6cbe000 	C:\WINDOWS\System32\msvcp_win.dll
0x00007ffec6cf0000 - 0x00007ffec6dea000 	C:\WINDOWS\System32\ucrtbase.dll
0x00007ffeadfb0000 - 0x00007ffeae234000 	C:\WINDOWS\WinSxS\amd64_microsoft.windows.common-controls_6595b64144ccf1df_6.0.18362.1316_none_9e7a364fe461dbd7\COMCTL32.dll
0x00007ffec7ca0000 - 0x00007ffec7fd7000 	C:\WINDOWS\System32\combase.dll
0x00007ffec6830000 - 0x00007ffec68b1000 	C:\WINDOWS\System32\bcryptPrimitives.dll
0x00007ffec8200000 - 0x00007ffec822e000 	C:\WINDOWS\System32\IMM32.DLL
0x000000006cf60000 - 0x000000006d032000 	C:\Program Files\Android\Android Studio\jre\jre\bin\msvcr100.dll
0x000000006d040000 - 0x000000006d88b000 	C:\Program Files\Android\Android Studio\jre\jre\bin\server\jvm.dll
0x00007ffec8750000 - 0x00007ffec8758000 	C:\WINDOWS\System32\PSAPI.DLL
0x00007ffeaf930000 - 0x00007ffeaf939000 	C:\WINDOWS\SYSTEM32\WSOCK32.dll
0x00007ffec36a0000 - 0x00007ffec36c4000 	C:\WINDOWS\SYSTEM32\WINMM.dll
0x00007ffec7240000 - 0x00007ffec72af000 	C:\WINDOWS\System32\WS2_32.dll
0x00007ffec3670000 - 0x00007ffec369d000 	C:\WINDOWS\SYSTEM32\WINMMBASE.dll
0x00007ffec67e0000 - 0x00007ffec682a000 	C:\WINDOWS\System32\cfgmgr32.dll
0x00007ffebaff0000 - 0x00007ffebaffa000 	C:\WINDOWS\SYSTEM32\VERSION.dll
0x00007ffec26f0000 - 0x00007ffec26ff000 	C:\Program Files\Android\Android Studio\jre\jre\bin\verify.dll
0x00007ffec26c0000 - 0x00007ffec26e9000 	C:\Program Files\Android\Android Studio\jre\jre\bin\java.dll
0x00007ffec26a0000 - 0x00007ffec26b6000 	C:\Program Files\Android\Android Studio\jre\jre\bin\zip.dll
0x00007ffec7450000 - 0x00007ffec7b38000 	C:\WINDOWS\System32\SHELL32.dll
0x00007ffec8080000 - 0x00007ffec8127000 	C:\WINDOWS\System32\shcore.dll
0x00007ffec6060000 - 0x00007ffec67db000 	C:\WINDOWS\System32\windows.storage.dll
0x00007ffec5e30000 - 0x00007ffec5e53000 	C:\WINDOWS\System32\profapi.dll
0x00007ffec5de0000 - 0x00007ffec5e2a000 	C:\WINDOWS\System32\powrprof.dll
0x00007ffec5d90000 - 0x00007ffec5da0000 	C:\WINDOWS\System32\UMPDC.dll
0x00007ffec8300000 - 0x00007ffec8352000 	C:\WINDOWS\System32\shlwapi.dll
0x00007ffec5da0000 - 0x00007ffec5db1000 	C:\WINDOWS\System32\kernel.appcore.dll
0x00007ffec6df0000 - 0x00007ffec6e07000 	C:\WINDOWS\System32\cryptsp.dll
0x00007ffec2680000 - 0x00007ffec269a000 	C:\Program Files\Android\Android Studio\jre\jre\bin\net.dll
0x00007ffec55d0000 - 0x00007ffec5637000 	C:\WINDOWS\system32\mswsock.dll
0x00007ffec2660000 - 0x00007ffec2673000 	C:\Program Files\Android\Android Studio\jre\jre\bin\nio.dll
0x00007ffeadb40000 - 0x00007ffeadb67000 	C:\Users\Emmo\.gradle\native\f6784746aeab05261644944871eae4fe03e0ef1612fff0a4a95f87b438bc6780\windows-amd64\native-platform.dll
0x00007ffec2650000 - 0x00007ffec265d000 	C:\Program Files\Android\Android Studio\jre\jre\bin\management.dll
0x00007ffec50f0000 - 0x00007ffec5123000 	C:\WINDOWS\system32\rsaenh.dll
0x00007ffec6f60000 - 0x00007ffec6f86000 	C:\WINDOWS\System32\bcrypt.dll
0x00007ffec5c70000 - 0x00007ffec5c95000 	C:\WINDOWS\SYSTEM32\USERENV.dll
0x00007ffec57a0000 - 0x00007ffec57ac000 	C:\WINDOWS\SYSTEM32\CRYPTBASE.dll
0x00007ffec52e0000 - 0x00007ffec531a000 	C:\WINDOWS\SYSTEM32\IPHLPAPI.DLL
0x00007ffec8760000 - 0x00007ffec8768000 	C:\WINDOWS\System32\NSI.dll
0x00007ffebbd00000 - 0x00007ffebbd16000 	C:\WINDOWS\SYSTEM32\dhcpcsvc6.DLL
0x00007ffebc070000 - 0x00007ffebc08c000 	C:\WINDOWS\SYSTEM32\dhcpcsvc.DLL
0x00007ffec5370000 - 0x00007ffec543b000 	C:\WINDOWS\SYSTEM32\DNSAPI.dll
0x00007ffebd0e0000 - 0x00007ffebd0eb000 	C:\WINDOWS\SYSTEM32\WINNSI.DLL

VM Arguments:
jvm_args: -Xmx512m -Dfile.encoding=UTF-8 -Duser.country=US -Duser.language=en -Duser.variant 
java_command: org.gradle.launcher.daemon.bootstrap.GradleDaemon 6.5
java_class_path (initial): C:\Users\Emmo\.gradle\wrapper\dists\gradle-6.5-all\2oz4ud9k3tuxjg84bbf55q0tn\gradle-6.5\lib\gradle-launcher-6.5.jar
Launcher Type: SUN_STANDARD

Environment Variables:
PATH=C:\WINDOWS\system32;C:\WINDOWS;C:\WINDOWS\System32\Wbem;C:\WINDOWS\System32\WindowsPowerShell\v1.0\;C:\WINDOWS\System32\OpenSSH\;C:\Program Files\Git\cmd;C:\Users\Emmo\AppData\Local\Microsoft\WindowsApps;
USERNAME=Emmo
OS=Windows_NT
PROCESSOR_IDENTIFIER=Intel64 Family 6 Model 61 Stepping 4, GenuineIntel



---------------  S Y S T E M  ---------------

OS: Windows 10.0 , 64 bit Build 18362 (10.0.18362.1316)

CPU:total 4 (initial active 4) (2 cores per cpu, 2 threads per core) family 6 model 61 stepping 4, cmov, cx8, fxsr, mmx, sse, sse2, sse3, ssse3, sse4.1, sse4.2, popcnt, avx, avx2, aes, clmul, erms, 3dnowpref, lzcnt, ht, tsc, tscinvbit, bmi1, bmi2, adx

Memory: 4k page, physical 12496200k(379960k free), swap 45259084k(5248k free)

vm_info: OpenJDK 64-Bit Server VM (25.242-b01) for windows-amd64 JRE (1.8.0_242-release-1644-b01), built by "builder" with MS VC++ 10.0 (VS2010)

time: Wed Jan 27 12:06:25 2021
timezone: Pacific Standard Time
elapsed time: 14 seconds (0d 0h 0m 14s)

