#
# There is insufficient memory for the Java Runtime Environment to continue.
# Native memory allocation (malloc) failed to allocate 1156496 bytes for Chunk::new
# Possible reasons:
#   The system is out of physical RAM or swap space
#   The process is running with CompressedOops enabled, and the Java Heap may be blocking the growth of the native heap
# Possible solutions:
#   Reduce memory load on the system
#   Increase physical memory or swap space
#   Check if swap backing store is full
#   Decrease Java heap size (-Xmx/-Xms)
#   Decrease number of Java threads
#   Decrease Java thread stack sizes (-Xss)
#   Set larger code cache with -XX:ReservedCodeCacheSize=
#   JVM is running with Unscaled Compressed Oops mode in which the Java heap is
#     placed in the first 4GB address space. The Java Heap base address is the
#     maximum limit for the native heap growth. Please use -XX:HeapBaseMinAddress
#     to set the Java Heap base and to place the Java Heap above 4GB virtual address.
# This output file may be truncated or incomplete.
#
#  Out of Memory Error (allocation.cpp:389), pid=17492, tid=0x0000000000004eb8
#
# JRE version: OpenJDK Runtime Environment (8.0_242-b01) (build 1.8.0_242-release-1644-b01)
# Java VM: OpenJDK 64-Bit Server VM (25.242-b01 mixed mode windows-amd64 compressed oops)
# Failed to write core dump. Minidumps are not enabled by default on client versions of Windows
#

---------------  T H R E A D  ---------------

Current thread (0x0000000014533000):  JavaThread "C2 CompilerThread0" daemon [_thread_in_native, id=20152, stack(0x0000000015ba0000,0x0000000015ca0000)]

Stack: [0x0000000015ba0000,0x0000000015ca0000]
[error occurred during error reporting (printing stack bounds), id 0xc0000005]

Native frames: (J=compiled Java code, j=interpreted, Vv=VM code, C=native code)


Current CompileTask:
C2: 139294 9872   !   4       java.net.URL::<init> (543 bytes)


---------------  P R O C E S S  ---------------

Java Threads: ( => current thread )
  0x00000000240e3000 JavaThread "Memory manager" [_thread_blocked, id=17036, stack(0x0000000019ec0000,0x0000000019fc0000)]
  0x00000000240e5800 JavaThread "Cache worker for execution history cache (F:\HealthcareFrontline2\.gradle\6.5\executionHistory)" [_thread_blocked, id=15520, stack(0x0000000027a10000,0x0000000027b10000)]
  0x00000000169a1000 JavaThread "jar transforms Thread 94" [_thread_blocked, id=19872, stack(0x00000000234a0000,0x00000000235a0000)]
  0x000000001601f800 JavaThread "Build operations Thread 4" [_thread_blocked, id=17148, stack(0x000000001eda0000,0x000000001eea0000)]
  0x000000001601b800 JavaThread "Build operations Thread 3" [_thread_blocked, id=19704, stack(0x000000001eca0000,0x000000001eda0000)]
  0x0000000016018000 JavaThread "Build operations Thread 2" [_thread_blocked, id=19344, stack(0x000000001eba0000,0x000000001eca0000)]
  0x000000001601a000 JavaThread "Build operations" [_thread_blocked, id=7272, stack(0x000000001eaa0000,0x000000001eba0000)]
  0x000000001601e000 JavaThread "Cache worker for Build Output Cleanup Cache (F:\HealthcareFrontline2\.gradle\buildOutputCleanup)" [_thread_blocked, id=7576, stack(0x000000001dd80000,0x000000001de80000)]
  0x000000001655d800 JavaThread "Cache worker for file content cache (C:\Users\Emmo\.gradle\caches\6.5\fileContent)" [_thread_blocked, id=19644, stack(0x000000001dc80000,0x000000001dd80000)]
  0x000000001655d000 JavaThread "Cache worker for execution history cache (C:\Users\Emmo\.gradle\caches\6.5\executionHistory)" [_thread_blocked, id=19708, stack(0x000000001db80000,0x000000001dc80000)]
  0x0000000016560800 JavaThread "Cache worker for cache directory md-rule (C:\Users\Emmo\.gradle\caches\6.5\md-rule)" [_thread_blocked, id=13660, stack(0x000000001d430000,0x000000001d530000)]
  0x0000000016561800 JavaThread "Cache worker for cache directory md-supplier (C:\Users\Emmo\.gradle\caches\6.5\md-supplier)" [_thread_blocked, id=16264, stack(0x000000001d330000,0x000000001d430000)]
  0x000000001655e800 JavaThread "Cache worker for checksums cache (F:\HealthcareFrontline2\.gradle\checksums)" [_thread_blocked, id=19828, stack(0x000000001d230000,0x000000001d330000)]
  0x000000001702e000 JavaThread "Cache worker for file hash cache (F:\HealthcareFrontline2\.gradle\6.5\fileHashes)" [_thread_blocked, id=19848, stack(0x000000001ba30000,0x000000001bb30000)]
  0x000000001702e800 JavaThread "Cache worker for file hash cache (C:\Users\Emmo\.gradle\caches\6.5\fileHashes)" [_thread_blocked, id=20012, stack(0x000000001b930000,0x000000001ba30000)]
  0x0000000017031000 JavaThread "File lock request listener" [_thread_in_native, id=10304, stack(0x000000001a3c0000,0x000000001a4c0000)]
  0x000000001702d000 JavaThread "Cache worker for journal cache (C:\Users\Emmo\.gradle\caches\journal-1)" [_thread_blocked, id=13348, stack(0x000000001a2c0000,0x000000001a3c0000)]
  0x0000000016567800 JavaThread "Thread-9" [_thread_blocked, id=5368, stack(0x0000000019fc0000,0x000000001a0c0000)]
  0x0000000016529800 JavaThread "Asynchronous log dispatcher for DefaultDaemonConnection: socket connection from /127.0.0.1:49887 to /127.0.0.1:49888" [_thread_blocked, id=8464, stack(0x0000000019dc0000,0x0000000019ec0000)]
  0x00000000164d0800 JavaThread "Daemon worker" [_thread_in_native, id=3328, stack(0x0000000019cc0000,0x0000000019dc0000)]
  0x00000000164b7000 JavaThread "Cancel handler" [_thread_blocked, id=20456, stack(0x0000000019bc0000,0x0000000019cc0000)]
  0x0000000017327800 JavaThread "Handler for socket connection from /127.0.0.1:49887 to /127.0.0.1:49888" [_thread_in_native, id=10428, stack(0x0000000019ac0000,0x0000000019bc0000)]
  0x0000000017320800 JavaThread "Daemon" [_thread_blocked, id=2816, stack(0x00000000199c0000,0x0000000019ac0000)]
  0x0000000016a07800 JavaThread "Daemon periodic checks" [_thread_blocked, id=8916, stack(0x00000000196c0000,0x00000000197c0000)]
  0x00000000169f6000 JavaThread "Incoming local TCP Connector on port 49887" [_thread_in_native, id=16520, stack(0x0000000019480000,0x0000000019580000)]
  0x0000000016b12000 JavaThread "Daemon health stats" [_thread_blocked, id=20092, stack(0x0000000018e40000,0x0000000018f40000)]
  0x0000000015ee0000 JavaThread "Service Thread" daemon [_thread_blocked, id=4928, stack(0x00000000162a0000,0x00000000163a0000)]
  0x000000001454c000 JavaThread "C1 CompilerThread2" daemon [_thread_blocked, id=7532, stack(0x0000000015da0000,0x0000000015ea0000)]
  0x000000001453c000 JavaThread "C2 CompilerThread1" daemon [_thread_blocked, id=20132, stack(0x0000000015ca0000,0x0000000015da0000)]
=>0x0000000014533000 JavaThread "C2 CompilerThread0" daemon [_thread_in_native, id=20152, stack(0x0000000015ba0000,0x0000000015ca0000)]
  0x0000000014532000 JavaThread "Attach Listener" daemon [_thread_blocked, id=16828, stack(0x0000000015aa0000,0x0000000015ba0000)]
  0x0000000014536800 JavaThread "Signal Dispatcher" daemon [_thread_blocked, id=15208, stack(0x00000000159a0000,0x0000000015aa0000)]
  0x0000000014518800 JavaThread "Finalizer" daemon [_thread_blocked, id=6564, stack(0x00000000157a0000,0x00000000158a0000)]
  0x0000000003104000 JavaThread "Reference Handler" daemon [_thread_blocked, id=19664, stack(0x00000000156a0000,0x00000000157a0000)]
  0x0000000002efd800 JavaThread "main" [_thread_blocked, id=19652, stack(0x0000000002f10000,0x0000000003010000)]

Other Threads:
  0x00000000144f5800 VMThread [stack: 0x00000000155a0000,0x00000000156a0000] [id=19640]
  0x000000001458c800 WatcherThread [stack: 0x00000000163a0000,0x00000000164a0000] [id=18096]

VM state:not at safepoint (normal execution)

VM Mutex/Monitor currently owned by a thread: None

heap address: 0x00000000e0000000, size: 512 MB, Compressed Oops mode: 32-bit
Narrow klass base: 0x0000000000000000, Narrow klass shift: 3
Compressed class space size: 1073741824 Address: 0x0000000100000000

Heap:
 PSYoungGen      total 151552K, used 50467K [0x00000000f5580000, 0x0000000100000000, 0x0000000100000000)
  eden space 132608K, 29% used [0x00000000f5580000,0x00000000f7b5d598,0x00000000fd700000)
  from space 18944K, 61% used [0x00000000fed80000,0x00000000ff8eb6c0,0x0000000100000000)
  to   space 20992K, 0% used [0x00000000fd700000,0x00000000fd700000,0x00000000feb80000)
 ParOldGen       total 103424K, used 54237K [0x00000000e0000000, 0x00000000e6500000, 0x00000000f5580000)
  object space 103424K, 52% used [0x00000000e0000000,0x00000000e34f7490,0x00000000e6500000)
 Metaspace       used 78189K, capacity 81810K, committed 82008K, reserved 1120256K
  class space    used 10593K, capacity 11312K, committed 11392K, reserved 1048576K

Card table byte_map: [0x00000000124d0000,0x00000000125e0000] byte_map_base: 0x0000000011dd0000

Marking Bits: (ParMarkBitMap*) 0x000000006d80f030
 Begin Bits: [0x0000000012a90000, 0x0000000013290000)
 End Bits:   [0x0000000013290000, 0x0000000013a90000)

Polling page: 0x00000000016c0000

CodeCache: size=245760Kb used=27487Kb max_used=27521Kb free=218272Kb
 bounds [0x0000000003110000, 0x0000000004c20000, 0x0000000012110000]
 total_blobs=9394 nmethods=8558 adapters=746
 compilation: enabled

Compilation events (10 events):
Event: 138.763 Thread 0x0000000014533000 9863       4       java.io.BufferedReader::readLine (6 bytes)
Event: 138.778 Thread 0x000000001453c000 nmethod 9862 0x0000000004bf46d0 code [0x0000000004bf48c0, 0x0000000004bf6738]
Event: 138.791 Thread 0x000000001453c000 9869   !   4       java.util.concurrent.ConcurrentHashMap::putVal (362 bytes)
Event: 138.809 Thread 0x000000001454c000 9870       3       java.net.URLStreamHandler::sameFile (136 bytes)
Event: 138.811 Thread 0x000000001454c000 nmethod 9870 0x0000000004bdc190 code [0x0000000004bdc380, 0x0000000004bdd388]
Event: 138.816 Thread 0x000000001453c000 nmethod 9869 0x0000000004bfaf50 code [0x0000000004bfb120, 0x0000000004bfc140]
Event: 138.817 Thread 0x0000000014533000 nmethod 9863 0x0000000004bf12d0 code [0x0000000004bf14a0, 0x0000000004bf32b8]
Event: 138.850 Thread 0x000000001453c000 9871   !   4       java.security.SecureClassLoader::getProtectionDomain (114 bytes)
Event: 138.870 Thread 0x0000000014533000 9872   !   4       java.net.URL::<init> (543 bytes)
Event: 139.179 Thread 0x000000001453c000 nmethod 9871 0x0000000004c04290 code [0x0000000004c04820, 0x0000000004c0a4f8]

GC Heap History (10 events):
Event: 83.868 GC heap before
{Heap before GC invocations=13 (full 2):
 PSYoungGen      total 151040K, used 106665K [0x00000000f5580000, 0x0000000100000000, 0x0000000100000000)
  eden space 136704K, 67% used [0x00000000f5580000,0x00000000fafaad90,0x00000000fdb00000)
  from space 14336K, 99% used [0x00000000ff200000,0x00000000fffff8b0,0x0000000100000000)
  to   space 18944K, 0% used [0x00000000fdb00000,0x00000000fdb00000,0x00000000fed80000)
 ParOldGen       total 103424K, used 22370K [0x00000000e0000000, 0x00000000e6500000, 0x00000000f5580000)
  object space 103424K, 21% used [0x00000000e0000000,0x00000000e15d88f8,0x00000000e6500000)
 Metaspace       used 56583K, capacity 58926K, committed 59028K, reserved 1099776K
  class space    used 7440K, capacity 7915K, committed 7936K, reserved 1048576K
Event: 83.925 GC heap after
Heap after GC invocations=13 (full 2):
 PSYoungGen      total 155648K, used 10932K [0x00000000f5580000, 0x0000000100000000, 0x0000000100000000)
  eden space 136704K, 0% used [0x00000000f5580000,0x00000000f5580000,0x00000000fdb00000)
  from space 18944K, 57% used [0x00000000fdb00000,0x00000000fe5ad0a8,0x00000000fed80000)
  to   space 18432K, 0% used [0x00000000fee00000,0x00000000fee00000,0x0000000100000000)
 ParOldGen       total 103424K, used 35923K [0x00000000e0000000, 0x00000000e6500000, 0x00000000f5580000)
  object space 103424K, 34% used [0x00000000e0000000,0x00000000e2314cc0,0x00000000e6500000)
 Metaspace       used 56583K, capacity 58926K, committed 59028K, reserved 1099776K
  class space    used 7440K, capacity 7915K, committed 7936K, reserved 1048576K
}
Event: 83.925 GC heap before
{Heap before GC invocations=14 (full 3):
 PSYoungGen      total 155648K, used 10932K [0x00000000f5580000, 0x0000000100000000, 0x0000000100000000)
  eden space 136704K, 0% used [0x00000000f5580000,0x00000000f5580000,0x00000000fdb00000)
  from space 18944K, 57% used [0x00000000fdb00000,0x00000000fe5ad0a8,0x00000000fed80000)
  to   space 18432K, 0% used [0x00000000fee00000,0x00000000fee00000,0x0000000100000000)
 ParOldGen       total 103424K, used 35923K [0x00000000e0000000, 0x00000000e6500000, 0x00000000f5580000)
  object space 103424K, 34% used [0x00000000e0000000,0x00000000e2314cc0,0x00000000e6500000)
 Metaspace       used 56583K, capacity 58926K, committed 59028K, reserved 1099776K
  class space    used 7440K, capacity 7915K, committed 7936K, reserved 1048576K
Event: 84.351 GC heap after
Heap after GC invocations=14 (full 3):
 PSYoungGen      total 155648K, used 0K [0x00000000f5580000, 0x0000000100000000, 0x0000000100000000)
  eden space 136704K, 0% used [0x00000000f5580000,0x00000000f5580000,0x00000000fdb00000)
  from space 18944K, 0% used [0x00000000fdb00000,0x00000000fdb00000,0x00000000fed80000)
  to   space 18432K, 0% used [0x00000000fee00000,0x00000000fee00000,0x0000000100000000)
 ParOldGen       total 103424K, used 37695K [0x00000000e0000000, 0x00000000e6500000, 0x00000000f5580000)
  object space 103424K, 36% used [0x00000000e0000000,0x00000000e24cfc08,0x00000000e6500000)
 Metaspace       used 56531K, capacity 58808K, committed 59028K, reserved 1099776K
  class space    used 7427K, capacity 7900K, committed 7936K, reserved 1048576K
}
Event: 96.440 GC heap before
{Heap before GC invocations=15 (full 3):
 PSYoungGen      total 155648K, used 136704K [0x00000000f5580000, 0x0000000100000000, 0x0000000100000000)
  eden space 136704K, 100% used [0x00000000f5580000,0x00000000fdb00000,0x00000000fdb00000)
  from space 18944K, 0% used [0x00000000fdb00000,0x00000000fdb00000,0x00000000fed80000)
  to   space 18432K, 0% used [0x00000000fee00000,0x00000000fee00000,0x0000000100000000)
 ParOldGen       total 103424K, used 37695K [0x00000000e0000000, 0x00000000e6500000, 0x00000000f5580000)
  object space 103424K, 36% used [0x00000000e0000000,0x00000000e24cfc08,0x00000000e6500000)
 Metaspace       used 64709K, capacity 67450K, committed 67672K, reserved 1107968K
  class space    used 8730K, capacity 9250K, committed 9344K, reserved 1048576K
Event: 96.476 GC heap after
Heap after GC invocations=15 (full 3):
 PSYoungGen      total 155136K, used 13251K [0x00000000f5580000, 0x0000000100000000, 0x0000000100000000)
  eden space 136704K, 0% used [0x00000000f5580000,0x00000000f5580000,0x00000000fdb00000)
  from space 18432K, 71% used [0x00000000fee00000,0x00000000ffaf0f68,0x0000000100000000)
  to   space 18944K, 0% used [0x00000000fdb00000,0x00000000fdb00000,0x00000000fed80000)
 ParOldGen       total 103424K, used 37703K [0x00000000e0000000, 0x00000000e6500000, 0x00000000f5580000)
  object space 103424K, 36% used [0x00000000e0000000,0x00000000e24d1c08,0x00000000e6500000)
 Metaspace       used 64709K, capacity 67450K, committed 67672K, reserved 1107968K
  class space    used 8730K, capacity 9250K, committed 9344K, reserved 1048576K
}
Event: 105.741 GC heap before
{Heap before GC invocations=16 (full 3):
 PSYoungGen      total 155136K, used 149955K [0x00000000f5580000, 0x0000000100000000, 0x0000000100000000)
  eden space 136704K, 100% used [0x00000000f5580000,0x00000000fdb00000,0x00000000fdb00000)
  from space 18432K, 71% used [0x00000000fee00000,0x00000000ffaf0f68,0x0000000100000000)
  to   space 18944K, 0% used [0x00000000fdb00000,0x00000000fdb00000,0x00000000fed80000)
 ParOldGen       total 103424K, used 37703K [0x00000000e0000000, 0x00000000e6500000, 0x00000000f5580000)
  object space 103424K, 36% used [0x00000000e0000000,0x00000000e24d1c08,0x00000000e6500000)
 Metaspace       used 73510K, capacity 76664K, committed 77016K, reserved 1116160K
  class space    used 10029K, capacity 10668K, committed 10752K, reserved 1048576K
Event: 105.771 GC heap after
Heap after GC invocations=16 (full 3):
 PSYoungGen      total 155648K, used 18929K [0x00000000f5580000, 0x0000000100000000, 0x0000000100000000)
  eden space 136704K, 0% used [0x00000000f5580000,0x00000000f5580000,0x00000000fdb00000)
  from space 18944K, 99% used [0x00000000fdb00000,0x00000000fed7c560,0x00000000fed80000)
  to   space 18944K, 0% used [0x00000000fed80000,0x00000000fed80000,0x0000000100000000)
 ParOldGen       total 103424K, used 39411K [0x00000000e0000000, 0x00000000e6500000, 0x00000000f5580000)
  object space 103424K, 38% used [0x00000000e0000000,0x00000000e267cf58,0x00000000e6500000)
 Metaspace       used 73510K, capacity 76664K, committed 77016K, reserved 1116160K
  class space    used 10029K, capacity 10668K, committed 10752K, reserved 1048576K
}
Event: 135.698 GC heap before
{Heap before GC invocations=17 (full 3):
 PSYoungGen      total 155648K, used 155633K [0x00000000f5580000, 0x0000000100000000, 0x0000000100000000)
  eden space 136704K, 100% used [0x00000000f5580000,0x00000000fdb00000,0x00000000fdb00000)
  from space 18944K, 99% used [0x00000000fdb00000,0x00000000fed7c560,0x00000000fed80000)
  to   space 18944K, 0% used [0x00000000fed80000,0x00000000fed80000,0x0000000100000000)
 ParOldGen       total 103424K, used 39411K [0x00000000e0000000, 0x00000000e6500000, 0x00000000f5580000)
  object space 103424K, 38% used [0x00000000e0000000,0x00000000e267cf58,0x00000000e6500000)
 Metaspace       used 76494K, capacity 79988K, committed 80216K, reserved 1118208K
  class space    used 10363K, capacity 11063K, committed 11136K, reserved 1048576K
Event: 135.743 GC heap after
Heap after GC invocations=17 (full 3):
 PSYoungGen      total 151552K, used 11693K [0x00000000f5580000, 0x0000000100000000, 0x0000000100000000)
  eden space 132608K, 0% used [0x00000000f5580000,0x00000000f5580000,0x00000000fd700000)
  from space 18944K, 61% used [0x00000000fed80000,0x00000000ff8eb6c0,0x0000000100000000)
  to   space 20992K, 0% used [0x00000000fd700000,0x00000000fd700000,0x00000000feb80000)
 ParOldGen       total 103424K, used 54237K [0x00000000e0000000, 0x00000000e6500000, 0x00000000f5580000)
  object space 103424K, 52% used [0x00000000e0000000,0x00000000e34f7490,0x00000000e6500000)
 Metaspace       used 76494K, capacity 79988K, committed 80216K, reserved 1118208K
  class space    used 10363K, capacity 11063K, committed 11136K, reserved 1048576K
}

Deoptimization events (10 events):
Event: 137.702 Thread 0x00000000164d0800 Uncommon trap: reason=unstable_if action=reinterpret pc=0x000000000346de78 method=sun.nio.fs.WindowsPathParser.isSlash(C)Z @ 9
Event: 137.702 Thread 0x00000000164d0800 Uncommon trap: reason=unstable_if action=reinterpret pc=0x0000000004b4d368 method=java.io.File.equals(Ljava/lang/Object;)Z @ 1
Event: 137.992 Thread 0x00000000164d0800 Uncommon trap: reason=unstable_if action=reinterpret pc=0x0000000003c1b168 method=java.io.BufferedInputStream.read([BII)I @ 31
Event: 137.999 Thread 0x00000000164d0800 Uncommon trap: reason=unstable_if action=reinterpret pc=0x0000000004a0db74 method=java.io.BufferedInputStream.fill()V @ 9
Event: 138.374 Thread 0x00000000164d0800 Uncommon trap: reason=unstable_if action=reinterpret pc=0x000000000352c570 method=java.lang.String.regionMatches(ZILjava/lang/String;II)Z @ 123
Event: 138.407 Thread 0x00000000164d0800 Uncommon trap: reason=null_check action=make_not_entrant pc=0x00000000044521c4 method=java.net.URL.getURLStreamHandler(Ljava/lang/String;)Ljava/net/URLStreamHandler; @ 7
Event: 138.421 Thread 0x00000000164d0800 Uncommon trap: reason=unstable_if action=reinterpret pc=0x0000000003235480 method=sun.net.util.IPAddressUtil.scan(Ljava/lang/String;JJ[C)I @ 14
Event: 138.714 Thread 0x00000000164d0800 Uncommon trap: reason=unstable_if action=reinterpret pc=0x0000000003d1bedc method=java.io.BufferedReader.readLine(Z)Ljava/lang/String; @ 192
Event: 138.753 Thread 0x00000000164d0800 Uncommon trap: reason=unstable_if action=reinterpret pc=0x0000000004a04ec8 method=java.util.concurrent.ConcurrentHashMap.putVal(Ljava/lang/Object;Ljava/lang/Object;Z)Ljava/lang/Object; @ 195
Event: 138.790 Thread 0x00000000164d0800 Uncommon trap: reason=unstable_if action=reinterpret pc=0x000000000362e5b0 method=java.util.concurrent.ConcurrentHashMap.transfer([Ljava/util/concurrent/ConcurrentHashMap$Node;[Ljava/util/concurrent/ConcurrentHashMap$Node;)V @ 356

Classes redefined (0 events):
No events

Internal exceptions (10 events):
Event: 116.275 Thread 0x000000001601f800 Exception <a 'java/lang/NoSuchMethodError': java.lang.Object.lambda$flatMap$2(Ljava/util/function/Function;Ljava/lang/Object;)Lorg/gradle/internal/Try;> (0x00000000f7d5e798) thrown at [C:\src\AOSP-openjdk-git\hotspot\src\share\vm\interpreter\linkResolver.
Event: 116.276 Thread 0x000000001601a000 Exception <a 'java/lang/NoSuchMethodError': java.lang.Object.lambda$flatMap$2(Ljava/util/function/Function;Ljava/lang/Object;)Lorg/gradle/internal/Try;> (0x00000000f7d17768) thrown at [C:\src\AOSP-openjdk-git\hotspot\src\share\vm\interpreter\linkResolver.
Event: 116.276 Thread 0x0000000016018000 Exception <a 'java/lang/NoSuchMethodError': java.lang.Object.lambda$flatMap$2(Ljava/util/function/Function;Ljava/lang/Object;)Lorg/gradle/internal/Try;> (0x00000000f7d743d8) thrown at [C:\src\AOSP-openjdk-git\hotspot\src\share\vm\interpreter\linkResolver.
Event: 116.275 Thread 0x000000001601b800 Exception <a 'java/lang/NoSuchMethodError': java.lang.Object.lambda$flatMap$2(Ljava/util/function/Function;Ljava/lang/Object;)Lorg/gradle/internal/Try;> (0x00000000f7d43650) thrown at [C:\src\AOSP-openjdk-git\hotspot\src\share\vm\interpreter\linkResolver.
Event: 120.854 Thread 0x000000001601b800 Exception <a 'java/lang/NoSuchMethodError': java.lang.Object.lambda$flatMap$0(Ljava/lang/Throwable;)Lorg/gradle/api/internal/artifacts/transform/CacheableInvocation;> (0x00000000f926e9a8) thrown at [C:\src\AOSP-openjdk-git\hotspot\src\share\vm\interpreter
Event: 133.996 Thread 0x000000001601b800 Implicit null exception at 0x0000000004a738a3 to 0x0000000004a73cfd
Event: 134.047 Thread 0x0000000016018000 Implicit null exception at 0x0000000004a7ea7b to 0x0000000004a7f33d
Event: 134.047 Thread 0x000000001601a000 Implicit null exception at 0x0000000004a7ea7b to 0x0000000004a7f33d
Event: 136.415 Thread 0x00000000164d0800 Exception <a 'java/lang/NoSuchMethodError': java.lang.Object.lambda$negate$1(Ljava/lang/Object;)Z> (0x00000000f6002a20) thrown at [C:\src\AOSP-openjdk-git\hotspot\src\share\vm\interpreter\linkResolver.cpp, line 620]
Event: 137.702 Thread 0x00000000164d0800 Implicit null exception at 0x0000000004b4cb72 to 0x0000000004b4d355

Events (10 events):
Event: 139.260 loading class org/apache/http/protocol/RequestContent
Event: 139.260 loading class org/apache/http/protocol/RequestContent done
Event: 139.261 loading class org/apache/http/client/protocol/RequestClientConnControl
Event: 139.261 loading class org/apache/http/client/protocol/RequestClientConnControl done
Event: 139.262 loading class org/apache/http/client/protocol/RequestExpectContinue
Event: 139.262 loading class org/apache/http/client/protocol/RequestExpectContinue done
Event: 139.263 loading class org/apache/http/protocol/ChainBuilder
Event: 139.263 loading class org/apache/http/protocol/ChainBuilder done
Event: 139.265 loading class org/apache/http/client/protocol/RequestAddCookies
Event: 139.265 loading class org/apache/http/client/protocol/RequestAddCookies done


Dynamic libraries:
0x00007ff7c44b0000 - 0x00007ff7c44e1000 	C:\Program Files\Android\Android Studio\jre\bin\java.exe
0x00007ffec8ee0000 - 0x00007ffec90d0000 	C:\WINDOWS\SYSTEM32\ntdll.dll
0x00007ffec8690000 - 0x00007ffec8742000 	C:\WINDOWS\System32\KERNEL32.DLL
0x00007ffec68c0000 - 0x00007ffec6b65000 	C:\WINDOWS\System32\KERNELBASE.dll
0x00007ffec8250000 - 0x00007ffec82f3000 	C:\WINDOWS\System32\ADVAPI32.dll
0x00007ffec7140000 - 0x00007ffec71de000 	C:\WINDOWS\System32\msvcrt.dll
0x00007ffec7fe0000 - 0x00007ffec8077000 	C:\WINDOWS\System32\sechost.dll
0x00007ffec8cb0000 - 0x00007ffec8dcf000 	C:\WINDOWS\System32\RPCRT4.dll
0x00007ffec72b0000 - 0x00007ffec7444000 	C:\WINDOWS\System32\USER32.dll
0x00007ffec6cc0000 - 0x00007ffec6ce1000 	C:\WINDOWS\System32\win32u.dll
0x00007ffec8660000 - 0x00007ffec8686000 	C:\WINDOWS\System32\GDI32.dll
0x00007ffec5ec0000 - 0x00007ffec6058000 	C:\WINDOWS\System32\gdi32full.dll
0x00007ffec6c20000 - 0x00007ffec6cbe000 	C:\WINDOWS\System32\msvcp_win.dll
0x00007ffec6cf0000 - 0x00007ffec6dea000 	C:\WINDOWS\System32\ucrtbase.dll
0x00007ffeadfb0000 - 0x00007ffeae234000 	C:\WINDOWS\WinSxS\amd64_microsoft.windows.common-controls_6595b64144ccf1df_6.0.18362.1316_none_9e7a364fe461dbd7\COMCTL32.dll
0x00007ffec7ca0000 - 0x00007ffec7fd7000 	C:\WINDOWS\System32\combase.dll
0x00007ffec6830000 - 0x00007ffec68b1000 	C:\WINDOWS\System32\bcryptPrimitives.dll
0x00007ffec8200000 - 0x00007ffec822e000 	C:\WINDOWS\System32\IMM32.DLL
0x000000006cf60000 - 0x000000006d032000 	C:\Program Files\Android\Android Studio\jre\jre\bin\msvcr100.dll
0x000000006d040000 - 0x000000006d88b000 	C:\Program Files\Android\Android Studio\jre\jre\bin\server\jvm.dll
0x00007ffec8750000 - 0x00007ffec8758000 	C:\WINDOWS\System32\PSAPI.DLL
0x00007ffeaf930000 - 0x00007ffeaf939000 	C:\WINDOWS\SYSTEM32\WSOCK32.dll
0x00007ffec7240000 - 0x00007ffec72af000 	C:\WINDOWS\System32\WS2_32.dll
0x00007ffec36a0000 - 0x00007ffec36c4000 	C:\WINDOWS\SYSTEM32\WINMM.dll
0x00007ffebaff0000 - 0x00007ffebaffa000 	C:\WINDOWS\SYSTEM32\VERSION.dll
0x00007ffec3670000 - 0x00007ffec369d000 	C:\WINDOWS\SYSTEM32\WINMMBASE.dll
0x00007ffec67e0000 - 0x00007ffec682a000 	C:\WINDOWS\System32\cfgmgr32.dll
0x00007ffec26f0000 - 0x00007ffec26ff000 	C:\Program Files\Android\Android Studio\jre\jre\bin\verify.dll
0x00007ffec26c0000 - 0x00007ffec26e9000 	C:\Program Files\Android\Android Studio\jre\jre\bin\java.dll
0x00007ffec26a0000 - 0x00007ffec26b6000 	C:\Program Files\Android\Android Studio\jre\jre\bin\zip.dll
0x00007ffec7450000 - 0x00007ffec7b38000 	C:\WINDOWS\System32\SHELL32.dll
0x00007ffec8080000 - 0x00007ffec8127000 	C:\WINDOWS\System32\shcore.dll
0x00007ffec6060000 - 0x00007ffec67db000 	C:\WINDOWS\System32\windows.storage.dll
0x00007ffec5e30000 - 0x00007ffec5e53000 	C:\WINDOWS\System32\profapi.dll
0x00007ffec5de0000 - 0x00007ffec5e2a000 	C:\WINDOWS\System32\powrprof.dll
0x00007ffec5d90000 - 0x00007ffec5da0000 	C:\WINDOWS\System32\UMPDC.dll
0x00007ffec8300000 - 0x00007ffec8352000 	C:\WINDOWS\System32\shlwapi.dll
0x00007ffec5da0000 - 0x00007ffec5db1000 	C:\WINDOWS\System32\kernel.appcore.dll
0x00007ffec6df0000 - 0x00007ffec6e07000 	C:\WINDOWS\System32\cryptsp.dll
0x00007ffec2680000 - 0x00007ffec269a000 	C:\Program Files\Android\Android Studio\jre\jre\bin\net.dll
0x00007ffec55d0000 - 0x00007ffec5637000 	C:\WINDOWS\system32\mswsock.dll
0x00007ffec2660000 - 0x00007ffec2673000 	C:\Program Files\Android\Android Studio\jre\jre\bin\nio.dll
0x00007ffeadb40000 - 0x00007ffeadb67000 	C:\Users\Emmo\.gradle\native\f6784746aeab05261644944871eae4fe03e0ef1612fff0a4a95f87b438bc6780\windows-amd64\native-platform.dll
0x00007ffec2650000 - 0x00007ffec265d000 	C:\Program Files\Android\Android Studio\jre\jre\bin\management.dll
0x00007ffec50f0000 - 0x00007ffec5123000 	C:\WINDOWS\system32\rsaenh.dll
0x00007ffec6f60000 - 0x00007ffec6f86000 	C:\WINDOWS\System32\bcrypt.dll
0x00007ffec5c70000 - 0x00007ffec5c95000 	C:\WINDOWS\SYSTEM32\USERENV.dll
0x00007ffec57a0000 - 0x00007ffec57ac000 	C:\WINDOWS\SYSTEM32\CRYPTBASE.dll
0x00007ffec52e0000 - 0x00007ffec531a000 	C:\WINDOWS\SYSTEM32\IPHLPAPI.DLL
0x00007ffec8760000 - 0x00007ffec8768000 	C:\WINDOWS\System32\NSI.dll
0x00007ffebbd00000 - 0x00007ffebbd16000 	C:\WINDOWS\SYSTEM32\dhcpcsvc6.DLL
0x00007ffebc070000 - 0x00007ffebc08c000 	C:\WINDOWS\SYSTEM32\dhcpcsvc.DLL
0x00007ffec5370000 - 0x00007ffec543b000 	C:\WINDOWS\SYSTEM32\DNSAPI.dll
0x00007ffebd0e0000 - 0x00007ffebd0eb000 	C:\WINDOWS\SYSTEM32\WINNSI.DLL
0x00007ffec2090000 - 0x00007ffec20b4000 	C:\Program Files\Android\Android Studio\jre\jre\bin\sunec.dll

VM Arguments:
jvm_args: -Xmx512m -Dfile.encoding=UTF-8 -Duser.country=US -Duser.language=en -Duser.variant 
java_command: org.gradle.launcher.daemon.bootstrap.GradleDaemon 6.5
java_class_path (initial): C:\Users\Emmo\.gradle\wrapper\dists\gradle-6.5-all\2oz4ud9k3tuxjg84bbf55q0tn\gradle-6.5\lib\gradle-launcher-6.5.jar
Launcher Type: SUN_STANDARD

Environment Variables:
PATH=C:\WINDOWS\system32;C:\WINDOWS;C:\WINDOWS\System32\Wbem;C:\WINDOWS\System32\WindowsPowerShell\v1.0\;C:\WINDOWS\System32\OpenSSH\;C:\Program Files\Git\cmd;C:\Users\Emmo\AppData\Local\Microsoft\WindowsApps;
USERNAME=Emmo
OS=Windows_NT
PROCESSOR_IDENTIFIER=Intel64 Family 6 Model 61 Stepping 4, GenuineIntel



---------------  S Y S T E M  ---------------

OS: Windows 10.0 , 64 bit Build 18362 (10.0.18362.1316)

CPU:total 4 (initial active 4) (2 cores per cpu, 2 threads per core) family 6 model 61 stepping 4, cmov, cx8, fxsr, mmx, sse, sse2, sse3, ssse3, sse4.1, sse4.2, popcnt, avx, avx2, aes, clmul, erms, 3dnowpref, lzcnt, ht, tsc, tscinvbit, bmi1, bmi2, adx

Memory: 4k page, physical 12496200k(258912k free), swap 45259084k(2836k free)

vm_info: OpenJDK 64-Bit Server VM (25.242-b01) for windows-amd64 JRE (1.8.0_242-release-1644-b01), built by "builder" with MS VC++ 10.0 (VS2010)

time: Wed Jan 27 12:03:33 2021
timezone: Pacific Standard Time
elapsed time: 139 seconds (0d 0h 2m 19s)

